<?xml version="1.0" encoding="UTF-8"?>
<testng-results skipped="0" failed="0" total="2" passed="2">
  <reporter-output>
  </reporter-output>
  <suite name="Automation Test" duration-ms="30" started-at="2017-02-23T14:38:30Z" finished-at="2017-02-23T14:38:30Z">
    <groups>
    </groups>
    <test name="Smoke test" duration-ms="30" started-at="2017-02-23T14:38:30Z" finished-at="2017-02-23T14:38:30Z">
      <class name="BasicsAnotations.AppTest">
        <test-method status="PASS" signature="RunEveryTest()[pri:0, instance:BasicsAnotations.AppTest@1554909b]" name="RunEveryTest" is-config="true" duration-ms="10" started-at="2017-02-23T09:38:30Z" finished-at="2017-02-23T09:38:30Z">
          <reporter-output>
          </reporter-output>
        </test-method> <!-- RunEveryTest -->
        <test-method status="PASS" signature="createUserID()[pri:0, instance:BasicsAnotations.AppTest@1554909b]" name="createUserID" is-config="true" duration-ms="0" started-at="2017-02-23T09:38:30Z" finished-at="2017-02-23T09:38:30Z">
          <reporter-output>
          </reporter-output>
        </test-method> <!-- createUserID -->
        <test-method status="PASS" signature="BookTicket()[pri:0, instance:BasicsAnotations.AppTest@1554909b]" name="BookTicket" duration-ms="0" started-at="2017-02-23T09:38:30Z" finished-at="2017-02-23T09:38:30Z">
          <reporter-output>
          </reporter-output>
        </test-method> <!-- BookTicket -->
        <test-method status="PASS" signature="createUserID()[pri:0, instance:BasicsAnotations.AppTest@1554909b]" name="createUserID" is-config="true" duration-ms="0" started-at="2017-02-23T09:38:30Z" finished-at="2017-02-23T09:38:30Z">
          <reporter-output>
          </reporter-output>
        </test-method> <!-- createUserID -->
        <test-method status="PASS" signature="GetUserName(java.lang.String)[pri:0, instance:BasicsAnotations.AppTest@1554909b]" name="GetUserName" duration-ms="0" started-at="2017-02-23T09:38:30Z" finished-at="2017-02-23T09:38:30Z">
          <params>
            <param index="0">
              <value>
                <![CDATA[abc]]>
              </value>
            </param>
          </params>
          <reporter-output>
          </reporter-output>
        </test-method> <!-- GetUserName -->
      </class> <!-- BasicsAnotations.AppTest -->
    </test> <!-- Smoke test -->
  </suite> <!-- Automation Test -->
</testng-results>
