<?xml version="1.0" encoding="UTF-8"?>
<testng-results skipped="0" failed="0" total="1" passed="1">
  <reporter-output>
  </reporter-output>
  <suite name="Default suite" duration-ms="1261" started-at="2017-02-24T14:43:14Z" finished-at="2017-02-24T14:43:15Z">
    <groups>
    </groups>
    <test name="Default test" duration-ms="1261" started-at="2017-02-24T14:43:14Z" finished-at="2017-02-24T14:43:15Z">
      <class name="pageObjectFramework1.ExcelDataTest">
        <test-method status="PASS" signature="LoginApp()[pri:0, instance:pageObjectFramework1.ExcelDataTest@5a39699c]" name="LoginApp" duration-ms="1220" started-at="2017-02-24T09:43:14Z" finished-at="2017-02-24T09:43:15Z">
          <reporter-output>
          </reporter-output>
        </test-method> <!-- LoginApp -->
      </class> <!-- pageObjectFramework1.ExcelDataTest -->
    </test> <!-- Default test -->
  </suite> <!-- Default suite -->
</testng-results>
